# JRE version: OpenJDK Runtime Environment (8.0_112-b87) (build 1.8.0_112-release-b343)
# Java VM: OpenJDK 64-Bit Server VM (25.112-b343 mixed mode linux-amd64 compressed oops)
Heap:
 par new generation   total 39296K, used 2836K [0x00000000d1200000, 0x00000000d3ca0000, 0x00000000e0c00000)
  eden space 34944K,   7% used [0x00000000d1200000, 0x00000000d1477498, 0x00000000d3420000)
  from space 4352K,   7% used [0x00000000d3420000, 0x00000000d346dd20, 0x00000000d3860000)
  to   space 4352K,   0% used [0x00000000d3860000, 0x00000000d3860000, 0x00000000d3ca0000)
 concurrent mark-sweep generation total 360332K, used 326519K [0x00000000e0c00000, 0x00000000f6be3000, 0x0000000100000000)
 Metaspace       used 285879K, capacity 301044K, committed 303264K, reserved 1308672K
  class space    used 40210K, capacity 43808K, committed 44200K, reserved 1048576K
GC Heap History (10 events):
Event: 39502.732 GC heap before
{Heap before GC invocations=2813 (full 20):
 par new generation   total 39296K, used 35288K [0x00000000d1200000, 0x00000000d3ca0000, 0x00000000e0c00000)
  eden space 34944K, 100% used [0x00000000d1200000, 0x00000000d3420000, 0x00000000d3420000)
  from space 4352K,   7% used [0x00000000d3860000, 0x00000000d38b61b0, 0x00000000d3ca0000)
  to   space 4352K,   0% used [0x00000000d3420000, 0x00000000d3420000, 0x00000000d3860000)
 concurrent mark-sweep generation total 360332K, used 322413K [0x00000000e0c00000, 0x00000000f6be3000, 0x0000000100000000)
 Metaspace       used 285861K, capacity 300980K, committed 303264K, reserved 1308672K
  class space    used 40209K, capacity 43808K, committed 44200K, reserved 1048576K
Event: 39502.742 GC heap after
Heap after GC invocations=2814 (full 20):
 par new generation   total 39296K, used 343K [0x00000000d1200000, 0x00000000d3ca0000, 0x00000000e0c00000)
  eden space 34944K,   0% used [0x00000000d1200000, 0x00000000d1200000, 0x00000000d3420000)
  from space 4352K,   7% used [0x00000000d3420000, 0x00000000d3475d70, 0x00000000d3860000)
  to   space 4352K,   0% used [0x00000000d3860000, 0x00000000d3860000, 0x00000000d3ca0000)
 concurrent mark-sweep generation total 360332K, used 322413K [0x00000000e0c00000, 0x00000000f6be3000, 0x0000000100000000)
 Metaspace       used 285861K, capacity 300980K, committed 303264K, reserved 1308672K
  class space    used 40209K, capacity 43808K, committed 44200K, reserved 1048576K
}
Event: 39778.766 GC heap before
{Heap before GC invocations=2814 (full 20):
 par new generation   total 39296K, used 35287K [0x00000000d1200000, 0x00000000d3ca0000, 0x00000000e0c00000)
  eden space 34944K, 100% used [0x00000000d1200000, 0x00000000d3420000, 0x00000000d3420000)
  from space 4352K,   7% used [0x00000000d3420000, 0x00000000d3475d70, 0x00000000d3860000)
  to   space 4352K,   0% used [0x00000000d3860000, 0x00000000d3860000, 0x00000000d3ca0000)
 concurrent mark-sweep generation total 360332K, used 322413K [0x00000000e0c00000, 0x00000000f6be3000, 0x0000000100000000)
 Metaspace       used 285861K, capacity 300980K, committed 303264K, reserved 1308672K
  class space    used 40209K, capacity 43808K, committed 44200K, reserved 1048576K
Event: 39778.775 GC heap after
Heap after GC invocations=2815 (full 20):
 par new generation   total 39296K, used 347K [0x00000000d1200000, 0x00000000d3ca0000, 0x00000000e0c00000)
  eden space 34944K,   0% used [0x00000000d1200000, 0x00000000d1200000, 0x00000000d3420000)
  from space 4352K,   7% used [0x00000000d3860000, 0x00000000d38b6fd0, 0x00000000d3ca0000)
  to   space 4352K,   0% used [0x00000000d3420000, 0x00000000d3420000, 0x00000000d3860000)
 concurrent mark-sweep generation total 360332K, used 322414K [0x00000000e0c00000, 0x00000000f6be3000, 0x0000000100000000)
 Metaspace       used 285861K, capacity 300980K, committed 303264K, reserved 1308672K
  class space    used 40209K, capacity 43808K, committed 44200K, reserved 1048576K
}
Event: 40056.797 GC heap before
{Heap before GC invocations=2815 (full 20):
 par new generation   total 39296K, used 35291K [0x00000000d1200000, 0x00000000d3ca0000, 0x00000000e0c00000)
  eden space 34944K, 100% used [0x00000000d1200000, 0x00000000d3420000, 0x00000000d3420000)
  from space 4352K,   7% used [0x00000000d3860000, 0x00000000d38b6fd0, 0x00000000d3ca0000)
  to   space 4352K,   0% used [0x00000000d3420000, 0x00000000d3420000, 0x00000000d3860000)
 concurrent mark-sweep generation total 360332K, used 322414K [0x00000000e0c00000, 0x00000000f6be3000, 0x0000000100000000)
 Metaspace       used 285861K, capacity 300980K, committed 303264K, reserved 1308672K
  class space    used 40209K, capacity 43808K, committed 44200K, reserved 1048576K
Event: 40056.807 GC heap after
Heap after GC invocations=2816 (full 20):
 par new generation   total 39296K, used 344K [0x00000000d1200000, 0x00000000d3ca0000, 0x00000000e0c00000)
  eden space 34944K,   0% used [0x00000000d1200000, 0x00000000d1200000, 0x00000000d3420000)
  from space 4352K,   7% used [0x00000000d3420000, 0x00000000d34762e0, 0x00000000d3860000)
  to   space 4352K,   0% used [0x00000000d3860000, 0x00000000d3860000, 0x00000000d3ca0000)
 concurrent mark-sweep generation total 360332K, used 322415K [0x00000000e0c00000, 0x00000000f6be3000, 0x0000000100000000)
 Metaspace       used 285861K, capacity 300980K, committed 303264K, reserved 1308672K
  class space    used 40209K, capacity 43808K, committed 44200K, reserved 1048576K
}
Event: 40273.645 GC heap before
{Heap before GC invocations=2816 (full 20):
 par new generation   total 39296K, used 34945K [0x00000000d1200000, 0x00000000d3ca0000, 0x00000000e0c00000)
  eden space 34944K,  99% used [0x00000000d1200000, 0x00000000d33ca518, 0x00000000d3420000)
  from space 4352K,   7% used [0x00000000d3420000, 0x00000000d34762e0, 0x00000000d3860000)
  to   space 4352K,   0% used [0x00000000d3860000, 0x00000000d3860000, 0x00000000d3ca0000)
 concurrent mark-sweep generation total 360332K, used 322415K [0x00000000e0c00000, 0x00000000f6be3000, 0x0000000100000000)
 Metaspace       used 285879K, capacity 301044K, committed 303264K, reserved 1308672K
  class space    used 40210K, capacity 43808K, committed 44200K, reserved 1048576K
Event: 40273.660 GC heap after
Heap after GC invocations=2817 (full 20):
 par new generation   total 39296K, used 4352K [0x00000000d1200000, 0x00000000d3ca0000, 0x00000000e0c00000)
  eden space 34944K,   0% used [0x00000000d1200000, 0x00000000d1200000, 0x00000000d3420000)
  from space 4352K, 100% used [0x00000000d3860000, 0x00000000d3ca0000, 0x00000000d3ca0000)
  to   space 4352K,   0% used [0x00000000d3420000, 0x00000000d3420000, 0x00000000d3860000)
 concurrent mark-sweep generation total 360332K, used 326501K [0x00000000e0c00000, 0x00000000f6be3000, 0x0000000100000000)
 Metaspace       used 285879K, capacity 301044K, committed 303264K, reserved 1308672K
  class space    used 40210K, capacity 43808K, committed 44200K, reserved 1048576K
}
Event: 40376.809 GC heap before
{Heap before GC invocations=2817 (full 20):
 par new generation   total 39296K, used 39296K [0x00000000d1200000, 0x00000000d3ca0000, 0x00000000e0c00000)
  eden space 34944K, 100% used [0x00000000d1200000, 0x00000000d3420000, 0x00000000d3420000)
  from space 4352K, 100% used [0x00000000d3860000, 0x00000000d3ca0000, 0x00000000d3ca0000)
  to   space 4352K,   0% used [0x00000000d3420000, 0x00000000d3420000, 0x00000000d3860000)
 concurrent mark-sweep generation total 360332K, used 326501K [0x00000000e0c00000, 0x00000000f6be3000, 0x0000000100000000)
 Metaspace       used 285879K, capacity 301044K, committed 303264K, reserved 1308672K
  class space    used 40210K, capacity 43808K, committed 44200K, reserved 1048576K
Event: 40376.822 GC heap after
Heap after GC invocations=2818 (full 20):
 par new generation   total 39296K, used 311K [0x00000000d1200000, 0x00000000d3ca0000, 0x00000000e0c00000)
  eden space 34944K,   0% used [0x00000000d1200000, 0x00000000d1200000, 0x00000000d3420000)
  from space 4352K,   7% used [0x00000000d3420000, 0x00000000d346dd20, 0x00000000d3860000)
  to   space 4352K,   0% used [0x00000000d3860000, 0x00000000d3860000, 0x00000000d3ca0000)
 concurrent mark-sweep generation total 360332K, used 326519K [0x00000000e0c00000, 0x00000000f6be3000, 0x0000000100000000)
 Metaspace       used 285879K, capacity 301044K, committed 303264K, reserved 1308672K
  class space    used 40210K, capacity 43808K, committed 44200K, reserved 1048576K
}

